# JRE version: Java(TM) SE Runtime Environment (17.0.12+8) (build 17.0.12+8-LTS-286)
# Java VM: Java HotSpot(TM) 64-Bit Server VM (17.0.12+8-LTS-286, mixed mode, sharing, tiered, compressed oops, compressed class ptrs, g1 gc, windows-amd64)
GC Precious Log:
 CPUs: 8 total, 8 available
 Memory: 8035M
 Large Page Support: Disabled
 NUMA Support: Disabled
 Compressed Oops: Enabled (32-bit)
 Heap Region Size: 1M
 Heap Min Capacity: 8M
 Heap Initial Capacity: 126M
 Heap Max Capacity: 2010M
 Pre-touch: Disabled
 Parallel Workers: 8
 Concurrent Workers: 2
 Concurrent Refinement Workers: 8
 Periodic GC: Disabled
Heap:
 garbage-first heap   total 134144K, used 39920K [0x0000000082600000, 0x0000000100000000)
  region size 1024K, 4 young (4096K), 4 survivors (4096K)
 Metaspace       used 27014K, committed 27328K, reserved 1114112K
  class space    used 3114K, committed 3264K, reserved 1048576K
GC Heap History (15 events):
Event: 0.709 GC heap before
{Heap before GC invocations=0 (full 0):
 garbage-first heap   total 129024K, used 23552K [0x0000000082600000, 0x0000000100000000)
  region size 1024K, 23 young (23552K), 0 survivors (0K)
 Metaspace       used 5387K, committed 5568K, reserved 1114112K
  class space    used 654K, committed 768K, reserved 1048576K
}
Event: 0.713 GC heap after
{Heap after GC invocations=1 (full 0):
 garbage-first heap   total 129024K, used 3637K [0x0000000082600000, 0x0000000100000000)
  region size 1024K, 3 young (3072K), 3 survivors (3072K)
 Metaspace       used 5387K, committed 5568K, reserved 1114112K
  class space    used 654K, committed 768K, reserved 1048576K
}
Event: 1.259 GC heap before
{Heap before GC invocations=1 (full 0):
 garbage-first heap   total 129024K, used 35381K [0x0000000082600000, 0x0000000100000000)
  region size 1024K, 34 young (34816K), 3 survivors (3072K)
 Metaspace       used 9552K, committed 9792K, reserved 1114112K
  class space    used 1164K, committed 1280K, reserved 1048576K
}
Event: 1.265 GC heap after
{Heap after GC invocations=2 (full 0):
 garbage-first heap   total 129024K, used 5479K [0x0000000082600000, 0x0000000100000000)
  region size 1024K, 2 young (2048K), 2 survivors (2048K)
 Metaspace       used 9552K, committed 9792K, reserved 1114112K
  class space    used 1164K, committed 1280K, reserved 1048576K
}
Event: 2.754 GC heap before
{Heap before GC invocations=2 (full 0):
 garbage-first heap   total 129024K, used 80231K [0x0000000082600000, 0x0000000100000000)
  region size 1024K, 75 young (76800K), 2 survivors (2048K)
 Metaspace       used 15480K, committed 15680K, reserved 1114112K
  class space    used 1857K, committed 1920K, reserved 1048576K
}
Event: 2.773 GC heap after
{Heap after GC invocations=3 (full 0):
 garbage-first heap   total 129024K, used 12892K [0x0000000082600000, 0x0000000100000000)
  region size 1024K, 10 young (10240K), 10 survivors (10240K)
 Metaspace       used 15480K, committed 15680K, reserved 1114112K
  class space    used 1857K, committed 1920K, reserved 1048576K
}
Event: 3.984 GC heap before
{Heap before GC invocations=3 (full 0):
 garbage-first heap   total 129024K, used 110172K [0x0000000082600000, 0x0000000100000000)
  region size 1024K, 74 young (75776K), 10 survivors (10240K)
 Metaspace       used 17406K, committed 17728K, reserved 1114112K
  class space    used 2024K, committed 2176K, reserved 1048576K
}
Event: 4.000 GC heap after
{Heap after GC invocations=4 (full 0):
 garbage-first heap   total 129024K, used 15892K [0x0000000082600000, 0x0000000100000000)
  region size 1024K, 4 young (4096K), 4 survivors (4096K)
 Metaspace       used 17406K, committed 17728K, reserved 1114112K
  class space    used 2024K, committed 2176K, reserved 1048576K
}
Event: 4.611 GC heap before
{Heap before GC invocations=4 (full 0):
 garbage-first heap   total 129024K, used 36372K [0x0000000082600000, 0x0000000100000000)
  region size 1024K, 21 young (21504K), 4 survivors (4096K)
 Metaspace       used 21152K, committed 21504K, reserved 1114112K
  class space    used 2485K, committed 2688K, reserved 1048576K
}
Event: 4.625 GC heap after
{Heap after GC invocations=5 (full 0):
 garbage-first heap   total 129024K, used 23110K [0x0000000082600000, 0x0000000100000000)
  region size 1024K, 7 young (7168K), 7 survivors (7168K)
 Metaspace       used 21152K, committed 21504K, reserved 1114112K
  class space    used 2485K, committed 2688K, reserved 1048576K
}
Event: 5.387 GC heap before
{Heap before GC invocations=6 (full 0):
 garbage-first heap   total 81920K, used 65094K [0x0000000082600000, 0x0000000100000000)
  region size 1024K, 48 young (49152K), 7 survivors (7168K)
 Metaspace       used 25630K, committed 25920K, reserved 1114112K
  class space    used 2987K, committed 3136K, reserved 1048576K
}
Event: 5.435 GC heap after
{Heap after GC invocations=7 (full 0):
 garbage-first heap   total 87040K, used 34685K [0x0000000082600000, 0x0000000100000000)
  region size 1024K, 6 young (6144K), 6 survivors (6144K)
 Metaspace       used 25630K, committed 25920K, reserved 1114112K
  class space    used 2987K, committed 3136K, reserved 1048576K
}
Event: 5.450 GC heap before
{Heap before GC invocations=7 (full 0):
 garbage-first heap   total 87040K, used 35709K [0x0000000082600000, 0x0000000100000000)
  region size 1024K, 7 young (7168K), 6 survivors (6144K)
 Metaspace       used 25631K, committed 25920K, reserved 1114112K
  class space    used 2987K, committed 3136K, reserved 1048576K
}
Event: 5.474 GC heap after
{Heap after GC invocations=8 (full 0):
 garbage-first heap   total 87040K, used 36352K [0x0000000082600000, 0x0000000100000000)
  region size 1024K, 1 young (1024K), 1 survivors (1024K)
 Metaspace       used 25631K, committed 25920K, reserved 1114112K
  class space    used 2987K, committed 3136K, reserved 1048576K
}
Event: 6.299 GC heap before
{Heap before GC invocations=8 (full 0):
 garbage-first heap   total 87040K, used 61952K [0x0000000082600000, 0x0000000100000000)
  region size 1024K, 26 young (26624K), 1 survivors (1024K)
 Metaspace       used 27014K, committed 27328K, reserved 1114112K
  class space    used 3114K, committed 3264K, reserved 1048576K
}

